<?xml version="1.0" encoding="UTF-8"?>
<testsuite name="Transport Registration" tests="5" skipped="0" failures="0" errors="0" timestamp="2026-01-12T12:30:19" hostname="PINK" time="0.692">
  <properties/>
  <testcase name="should unregister transport" classname="io.supernode.network.transport.TransportManagerTest$RegistrationTests" time="0.172"/>
  <testcase name="should get registered transport" classname="io.supernode.network.transport.TransportManagerTest$RegistrationTests" time="0.164"/>
  <testcase name="should track multiple transports" classname="io.supernode.network.transport.TransportManagerTest$RegistrationTests" time="0.17"/>
  <testcase name="should return null for unregistered type" classname="io.supernode.network.transport.TransportManagerTest$RegistrationTests" time="0.001"/>
  <testcase name="should register transport" classname="io.supernode.network.transport.TransportManagerTest$RegistrationTests" time="0.181"/>
  <system-out><![CDATA[]]></system-out>
  <system-err><![CDATA[]]></system-err>
</testsuite>
