<?xml version="1.0" encoding="UTF-8"?>
<testsuite name="Connection Management" tests="3" skipped="0" failures="0" errors="0" timestamp="2026-01-12T12:30:18" hostname="PINK" time="0.01">
  <properties/>
  <testcase name="should start with zero connections" classname="io.supernode.network.transport.TransportManagerTest$ConnectionTests" time="0.002"/>
  <testcase name="should fail connect to unavailable transport" classname="io.supernode.network.transport.TransportManagerTest$ConnectionTests" time="0.003"/>
  <testcase name="should fail connect with string to unavailable transport" classname="io.supernode.network.transport.TransportManagerTest$ConnectionTests" time="0.003"/>
  <system-out><![CDATA[]]></system-out>
  <system-err><![CDATA[]]></system-err>
</testsuite>
