<?xml version="1.0" encoding="UTF-8"?>
<testsuite name="Stats" tests="4" skipped="0" failures="0" errors="0" timestamp="2026-01-12T12:30:18" hostname="PINK" time="0.491">
  <properties/>
  <testcase name="should track failover count in stats" classname="io.supernode.network.transport.TransportManagerTest$StatsTests" time="0.165"/>
  <testcase name="should track circuit breaker trips in stats" classname="io.supernode.network.transport.TransportManagerTest$StatsTests" time="0.154"/>
  <testcase name="should return empty stats when no transports" classname="io.supernode.network.transport.TransportManagerTest$StatsTests" time="0.001"/>
  <testcase name="should return aggregate stats" classname="io.supernode.network.transport.TransportManagerTest$StatsTests" time="0.168"/>
  <system-out><![CDATA[]]></system-out>
  <system-err><![CDATA[]]></system-err>
</testsuite>
