<?xml version="1.0" encoding="UTF-8"?>
<testsuite name="Network Layer Integration" tests="3" skipped="0" failures="0" errors="0" timestamp="2026-01-18T06:14:58" hostname="PINK" time="14.155">
  <properties/>
  <testcase name="should aggregate health status from all components" classname="io.supernode.network.NetworkIntegrationTest" time="1.553"/>
  <testcase name="should discover and transfer blob between two nodes" classname="io.supernode.network.NetworkIntegrationTest" time="12.0"/>
  <testcase name="should track peer events across unified network" classname="io.supernode.network.NetworkIntegrationTest" time="0.598"/>
  <system-out><![CDATA[01:14:58.658 [Test worker] DEBUG io.netty.util.internal.logging.InternalLoggerFactory -- Using SLF4J as the default logging framework
01:14:58.685 [Test worker] DEBUG io.netty.channel.MultithreadEventLoopGroup -- -Dio.netty.eventLoopThreads: 64
01:14:58.705 [Test worker] DEBUG io.netty.util.concurrent.GlobalEventExecutor -- -Dio.netty.globalEventExecutor.quietPeriodSeconds: 1
01:14:58.720 [Test worker] DEBUG io.netty.util.internal.InternalThreadLocalMap -- -Dio.netty.threadLocalMap.stringBuilder.initialSize: 1024
01:14:58.720 [Test worker] DEBUG io.netty.util.internal.InternalThreadLocalMap -- -Dio.netty.threadLocalMap.stringBuilder.maxSize: 4096
01:14:58.775 [Test worker] DEBUG io.netty.util.internal.PlatformDependent0 -- -Dio.netty.noUnsafe: false
01:14:58.775 [Test worker] DEBUG io.netty.util.internal.PlatformDependent0 -- Java version: 21
01:14:58.778 [Test worker] DEBUG io.netty.util.internal.PlatformDependent0 -- sun.misc.Unsafe.theUnsafe: available
01:14:58.779 [Test worker] DEBUG io.netty.util.internal.PlatformDependent0 -- sun.misc.Unsafe base methods: all available
01:14:58.780 [Test worker] DEBUG io.netty.util.internal.PlatformDependent0 -- sun.misc.Unsafe.storeFence: available
01:14:58.781 [Test worker] DEBUG io.netty.util.internal.PlatformDependent0 -- java.nio.Buffer.address: available
01:14:58.783 [Test worker] DEBUG io.netty.util.internal.PlatformDependent0 -- direct buffer constructor: unavailable: Reflective setAccessible(true) disabled
01:14:58.784 [Test worker] DEBUG io.netty.util.internal.PlatformDependent0 -- java.nio.Bits.unaligned: available, true
01:14:58.785 [Test worker] DEBUG io.netty.util.internal.PlatformDependent0 -- jdk.internal.misc.Unsafe.allocateUninitializedArray(int): unavailable: class io.netty.util.internal.PlatformDependent0$7 cannot access class jdk.internal.misc.Unsafe (in module java.base) because module java.base does not export jdk.internal.misc to unnamed module @3e84448c
01:14:58.787 [Test worker] DEBUG io.netty.util.internal.PlatformDependent0 -- java.nio.DirectByteBuffer.<init>(long, {int,long}): unavailable
01:14:58.787 [Test worker] DEBUG io.netty.util.internal.PlatformDependent -- sun.misc.Unsafe: available
01:14:58.787 [Test worker] DEBUG io.netty.util.internal.PlatformDependent -- -Dio.netty.tmpdir: C:\Users\hyper\AppData\Local\Temp (java.io.tmpdir)
01:14:58.788 [Test worker] DEBUG io.netty.util.internal.PlatformDependent -- -Dio.netty.bitMode: 64 (sun.arch.data.model)
01:14:58.788 [Test worker] DEBUG io.netty.util.internal.PlatformDependent -- Platform: Windows
01:14:58.789 [Test worker] DEBUG io.netty.util.internal.PlatformDependent -- -Dio.netty.maxDirectMemory: -1 bytes
01:14:58.791 [Test worker] DEBUG io.netty.util.internal.PlatformDependent -- -Dio.netty.uninitializedArrayAllocationThreshold: -1
01:14:58.792 [Test worker] DEBUG io.netty.util.internal.CleanerJava9 -- java.nio.ByteBuffer.cleaner(): available
01:14:58.792 [Test worker] DEBUG io.netty.util.internal.PlatformDependent -- -Dio.netty.noPreferDirect: false
01:14:58.794 [Test worker] DEBUG io.netty.channel.nio.NioEventLoop -- -Dio.netty.noKeySetOptimization: false
01:14:58.794 [Test worker] DEBUG io.netty.channel.nio.NioEventLoop -- -Dio.netty.selectorAutoRebuildThreshold: 512
01:14:58.808 [Test worker] DEBUG io.netty.util.internal.PlatformDependent -- org.jctools-core.MpscChunkedArrayQueue: available
01:14:59.103 [Test worker] DEBUG io.netty.channel.DefaultChannelId -- -Dio.netty.processId: 154592 (auto-detected)
01:14:59.110 [Test worker] DEBUG io.netty.util.NetUtil -- -Djava.net.preferIPv4Stack: false
01:14:59.110 [Test worker] DEBUG io.netty.util.NetUtil -- -Djava.net.preferIPv6Addresses: false
01:14:59.118 [Test worker] DEBUG io.netty.util.NetUtilInitializations -- Loopback interface: loopback_0 (Software Loopback Interface 1, 0:0:0:0:0:0:0:1)
01:14:59.120 [Test worker] DEBUG io.netty.util.NetUtil -- Failed to get SOMAXCONN from sysctl and file \proc\sys\net\core\somaxconn. Default: 200
01:14:59.124 [Test worker] DEBUG io.netty.channel.DefaultChannelId -- -Dio.netty.machineId: 00:15:5d:ff:fe:30:ad:4f (auto-detected)
01:14:59.145 [Test worker] DEBUG io.netty.util.ResourceLeakDetector -- -Dio.netty.leakDetection.level: simple
01:14:59.145 [Test worker] DEBUG io.netty.util.ResourceLeakDetector -- -Dio.netty.leakDetection.targetRecords: 4
01:14:59.184 [Test worker] DEBUG io.netty.buffer.PooledByteBufAllocator -- -Dio.netty.allocator.numHeapArenas: 21
01:14:59.184 [Test worker] DEBUG io.netty.buffer.PooledByteBufAllocator -- -Dio.netty.allocator.numDirectArenas: 21
01:14:59.184 [Test worker] DEBUG io.netty.buffer.PooledByteBufAllocator -- -Dio.netty.allocator.pageSize: 8192
01:14:59.184 [Test worker] DEBUG io.netty.buffer.PooledByteBufAllocator -- -Dio.netty.allocator.maxOrder: 9
01:14:59.184 [Test worker] DEBUG io.netty.buffer.PooledByteBufAllocator -- -Dio.netty.allocator.chunkSize: 4194304
01:14:59.184 [Test worker] DEBUG io.netty.buffer.PooledByteBufAllocator -- -Dio.netty.allocator.smallCacheSize: 256
01:14:59.184 [Test worker] DEBUG io.netty.buffer.PooledByteBufAllocator -- -Dio.netty.allocator.normalCacheSize: 64
01:14:59.184 [Test worker] DEBUG io.netty.buffer.PooledByteBufAllocator -- -Dio.netty.allocator.maxCachedBufferCapacity: 32768
01:14:59.185 [Test worker] DEBUG io.netty.buffer.PooledByteBufAllocator -- -Dio.netty.allocator.cacheTrimInterval: 8192
01:14:59.185 [Test worker] DEBUG io.netty.buffer.PooledByteBufAllocator -- -Dio.netty.allocator.cacheTrimIntervalMillis: 0
01:14:59.185 [Test worker] DEBUG io.netty.buffer.PooledByteBufAllocator -- -Dio.netty.allocator.useCacheForAllThreads: false
01:14:59.185 [Test worker] DEBUG io.netty.buffer.PooledByteBufAllocator -- -Dio.netty.allocator.maxCachedByteBuffersPerChunk: 1023
01:14:59.185 [Test worker] DEBUG io.netty.buffer.PooledByteBufAllocator -- -Dio.netty.allocator.disableCacheFinalizersForFastThreadLocalThreads: false
01:14:59.202 [Test worker] DEBUG io.netty.buffer.ByteBufUtil -- -Dio.netty.allocator.type: pooled
01:14:59.202 [Test worker] DEBUG io.netty.buffer.ByteBufUtil -- -Dio.netty.threadLocalDirectBufferSize: 0
01:14:59.202 [Test worker] DEBUG io.netty.buffer.ByteBufUtil -- -Dio.netty.maxThreadLocalCharBufferSize: 16384
01:14:59.207 [Test worker] DEBUG io.netty.bootstrap.ChannelInitializerExtensions -- -Dio.netty.bootstrap.extensions: null
01:15:00.328 [nioEventLoopGroup-9-1] DEBUG io.netty.buffer.AbstractByteBuf -- -Dio.netty.buffer.checkAccessible: true
01:15:00.328 [nioEventLoopGroup-9-1] DEBUG io.netty.buffer.AbstractByteBuf -- -Dio.netty.buffer.checkBounds: true
01:15:00.330 [nioEventLoopGroup-9-1] DEBUG io.netty.util.ResourceLeakDetectorFactory -- Loaded default ResourceLeakDetector: io.netty.util.ResourceLeakDetector@184296c9
01:15:00.405 [nioEventLoopGroup-9-1] DEBUG io.netty.handler.codec.http.websocketx.WebSocketClientHandshaker13 -- WebSocket version 13 client handshake key: cd+WCfiAeQWV5UvCSKg8xQ==, expected response: cfRQ6KQwC4Lyac0mQMw7XK/30yE=
01:15:00.421 [nioEventLoopGroup-9-1] DEBUG io.netty.util.Recycler -- -Dio.netty.recycler.maxCapacityPerThread: 4096
01:15:00.422 [nioEventLoopGroup-9-1] DEBUG io.netty.util.Recycler -- -Dio.netty.recycler.ratio: 8
01:15:00.422 [nioEventLoopGroup-9-1] DEBUG io.netty.util.Recycler -- -Dio.netty.recycler.chunkSize: 32
01:15:00.422 [nioEventLoopGroup-9-1] DEBUG io.netty.util.Recycler -- -Dio.netty.recycler.blocking: false
01:15:00.422 [nioEventLoopGroup-9-1] DEBUG io.netty.util.Recycler -- -Dio.netty.recycler.batchFastThreadLocalOnly: true
01:15:00.474 [nioEventLoopGroup-7-1] DEBUG io.netty.handler.codec.http.websocketx.WebSocketServerHandshaker -- [id: 0x38ea0c96, L:/127.0.0.1:59113 - R:/127.0.0.1:59115] WebSocket version V13 server handshake
01:15:00.475 [nioEventLoopGroup-7-1] DEBUG io.netty.handler.codec.http.websocketx.WebSocketServerHandshaker -- WebSocket version 13 server handshake key: cd+WCfiAeQWV5UvCSKg8xQ==, response: cfRQ6KQwC4Lyac0mQMw7XK/30yE=
Connecting to: ws://127.0.0.1:59121
01:15:12.280 [nioEventLoopGroup-13-1] DEBUG io.netty.handler.codec.http.websocketx.WebSocketClientHandshaker13 -- WebSocket version 13 client handshake key: rM+McIL+v3qk/GRapd2SIQ==, expected response: I7RLjGMOMlMjBwWWNIGl4YLuzgY=
01:15:12.285 [nioEventLoopGroup-11-1] DEBUG io.netty.handler.codec.http.websocketx.WebSocketServerHandshaker -- [id: 0x8e7d6c03, L:/127.0.0.1:59121 - R:/127.0.0.1:59123] WebSocket version V13 server handshake
01:15:12.285 [nioEventLoopGroup-11-1] DEBUG io.netty.handler.codec.http.websocketx.WebSocketServerHandshaker -- WebSocket version 13 server handshake key: rM+McIL+v3qk/GRapd2SIQ==, response: I7RLjGMOMlMjBwWWNIGl4YLuzgY=
Connection successful
]]></system-out>
  <system-err><![CDATA[]]></system-err>
</testsuite>
