<?xml version="1.0" encoding="UTF-8"?>
<testsuite name="Circuit Breaker" tests="3" skipped="0" failures="0" errors="0" timestamp="2026-01-12T12:30:17" hostname="PINK" time="0.292">
  <properties/>
  <testcase name="should get circuit breaker status" classname="io.supernode.network.transport.TransportManagerTest$CircuitBreakerTests" time="0.136"/>
  <testcase name="should return null status for unregistered transport" classname="io.supernode.network.transport.TransportManagerTest$CircuitBreakerTests" time="0.002"/>
  <testcase name="should reset circuit breaker" classname="io.supernode.network.transport.TransportManagerTest$CircuitBreakerTests" time="0.152"/>
  <system-out><![CDATA[]]></system-out>
  <system-err><![CDATA[]]></system-err>
</testsuite>
